TN:
SF:src/App.tsx
FN:6,App
FNF:1
FNH:1
FNDA:3,App
DA:7,3
LF:1
LH:1
BRF:0
BRH:0
end_of_record
TN:
SF:src/components/common/Modal.tsx
FN:15,(anonymous_0)
FNF:1
FNH:1
FNDA:60,(anonymous_0)
DA:15,7
DA:16,60
LF:2
LH:2
BRF:0
BRH:0
end_of_record
TN:
SF:src/components/common/Nav.tsx
FN:9,(anonymous_0)
FNF:1
FNH:1
FNDA:34,(anonymous_0)
DA:9,5
DA:10,34
LF:2
LH:2
BRF:0
BRH:0
end_of_record
TN:
SF:src/components/common/ResponsiveImage.tsx
FN:14,(anonymous_0)
FN:17,(anonymous_1)
FNF:2
FNH:2
FNDA:6,(anonymous_0)
FNDA:3,(anonymous_1)
DA:14,4
DA:15,6
DA:18,3
LF:3
LH:3
BRDA:14,0,0,6
BRDA:14,1,0,6
BRF:2
BRH:2
end_of_record
TN:
SF:src/components/landing/Carousel.tsx
FN:14,(anonymous_0)
FN:24,(anonymous_1)
FN:26,(anonymous_2)
FN:26,(anonymous_3)
FN:27,(anonymous_4)
FN:35,(anonymous_5)
FN:45,(anonymous_6)
FNF:7
FNH:7
FNDA:32,(anonymous_0)
FNDA:23,(anonymous_1)
FNDA:1,(anonymous_2)
FNDA:1,(anonymous_3)
FNDA:21,(anonymous_4)
FNDA:133,(anonymous_5)
FNDA:3,(anonymous_6)
DA:14,4
DA:15,32
DA:17,32
DA:24,32
DA:25,23
DA:26,21
DA:27,21
DA:30,32
DA:32,31
DA:36,133
DA:46,3
DA:47,3
DA:48,3
DA:51,3
LF:14
LH:14
BRDA:14,0,0,32
BRDA:25,1,0,2
BRDA:25,1,1,21
BRDA:30,2,0,1
BRDA:30,2,1,31
BRDA:38,3,0,31
BRDA:38,3,1,102
BRDA:48,4,0,2
BRDA:48,4,1,1
BRDA:59,5,0,31
BRDA:59,5,1,0
BRF:11
BRH:10
end_of_record
TN:
SF:src/components/landing/HeadlineList.tsx
FN:9,(anonymous_0)
FN:13,(anonymous_1)
FNF:2
FNH:2
FNDA:5,(anonymous_0)
FNDA:6,(anonymous_1)
DA:9,1
DA:10,5
DA:14,6
LF:3
LH:3
BRDA:9,0,0,5
BRF:1
BRH:1
end_of_record
TN:
SF:src/components/landing/Hero.tsx
FN:15,(anonymous_0)
FNF:1
FNH:1
FNDA:21,(anonymous_0)
DA:15,3
DA:19,21
LF:2
LH:2
BRDA:16,0,0,21
BRDA:17,1,0,21
BRF:2
BRH:2
end_of_record
TN:
SF:src/components/landing/RotatingHeadline.tsx
FN:11,(anonymous_0)
FN:15,(anonymous_1)
FN:20,(anonymous_2)
FN:22,(anonymous_3)
FN:22,(anonymous_4)
FN:23,(anonymous_5)
FNF:6
FNH:6
FNDA:35,(anonymous_0)
FNDA:35,(anonymous_1)
FNDA:23,(anonymous_2)
FNDA:4,(anonymous_3)
FNDA:4,(anonymous_4)
FNDA:17,(anonymous_5)
DA:11,4
DA:12,35
DA:14,35
DA:15,35
DA:16,35
DA:17,33
DA:20,35
DA:21,23
DA:22,17
DA:23,17
DA:26,35
LF:11
LH:11
BRDA:11,0,0,35
BRDA:11,1,0,35
BRDA:16,2,0,2
BRDA:16,2,1,33
BRDA:16,3,0,35
BRDA:16,3,1,3
BRDA:21,4,0,6
BRDA:21,4,1,17
BRF:8
BRH:8
end_of_record
TN:
SF:src/components/landing/products/Products.tsx
FN:6,(anonymous_0)
FN:9,(anonymous_1)
FN:20,(anonymous_2)
FN:23,(anonymous_3)
FN:43,(anonymous_4)
FN:55,(anonymous_5)
FN:67,(anonymous_6)
FN:71,(anonymous_7)
FNF:8
FNH:7
FNDA:16,(anonymous_0)
FNDA:1,(anonymous_1)
FNDA:0,(anonymous_2)
FNDA:1,(anonymous_3)
FNDA:1,(anonymous_4)
FNDA:2,(anonymous_5)
FNDA:1,(anonymous_6)
FNDA:1,(anonymous_7)
DA:6,3
DA:7,16
DA:9,16
DA:10,1
DA:14,1
DA:16,1
DA:17,0
DA:18,0
DA:20,0
DA:23,1
DA:27,16
DA:43,1
DA:55,2
DA:67,1
DA:71,1
LF:15
LH:12
BRDA:10,0,0,1
BRDA:10,0,1,0
BRDA:10,1,0,1
BRDA:10,1,1,1
BRDA:16,2,0,0
BRDA:16,2,1,1
BRDA:16,3,0,1
BRDA:16,3,1,1
BRDA:72,4,0,16
BRDA:72,4,1,1
BRDA:78,5,0,16
BRDA:78,5,1,2
BRDA:84,6,0,16
BRDA:84,6,1,1
BRF:14
BRH:12
end_of_record
TN:
SF:src/config/pricingConstants.ts
FNF:0
FNH:0
DA:19,2
LF:1
LH:1
BRF:0
BRH:0
end_of_record
TN:
SF:src/pages/Landing.tsx
FN:13,(anonymous_0)
FN:117,(anonymous_1)
FN:121,(anonymous_2)
FN:128,(anonymous_3)
FN:134,(anonymous_4)
FN:156,(anonymous_5)
FN:161,(anonymous_6)
FN:169,(anonymous_7)
FNF:8
FNH:7
FNDA:21,(anonymous_0)
FNDA:2,(anonymous_1)
FNDA:1,(anonymous_2)
FNDA:1,(anonymous_3)
FNDA:0,(anonymous_4)
FNDA:42,(anonymous_5)
FNDA:4,(anonymous_6)
FNDA:63,(anonymous_7)
DA:13,3
DA:14,21
DA:15,21
DA:17,21
DA:117,2
DA:121,1
DA:128,1
DA:134,0
DA:157,42
DA:161,4
DA:170,63
LF:11
LH:10
BRDA:157,0,0,3
BRDA:157,0,1,39
BRDA:161,1,0,1
BRDA:161,1,1,3
BRDA:164,2,0,3
BRDA:164,2,1,39
BRDA:167,3,0,21
BRDA:167,3,1,21
BRF:8
BRH:8
end_of_record
TN:
SF:src/pages/PricingPage.tsx
FN:16,(anonymous_0)
FN:27,(anonymous_1)
FN:36,(anonymous_2)
FNF:3
FNH:3
FNDA:9,(anonymous_0)
FNDA:27,(anonymous_1)
FNDA:36,(anonymous_2)
DA:16,2
DA:17,9
DA:28,27
DA:37,36
LF:4
LH:4
BRDA:36,0,0,27
BRDA:36,0,1,27
BRDA:39,1,0,18
BRDA:39,1,1,18
BRDA:39,2,0,9
BRDA:39,2,1,9
BRF:6
BRH:6
end_of_record
TN:
SF:src/pages/ProductsPage.tsx
FN:5,(anonymous_0)
FNF:1
FNH:1
FNDA:4,(anonymous_0)
DA:5,2
DA:6,4
LF:2
LH:2
BRF:0
BRH:0
end_of_record
TN:
SF:src/store/authStore.ts
FN:21,(anonymous_0)
FN:25,(anonymous_1)
FN:26,(anonymous_2)
FNF:3
FNH:3
FNDA:1,(anonymous_0)
FNDA:4,(anonymous_1)
FNDA:1,(anonymous_2)
DA:21,1
DA:25,4
DA:26,1
LF:3
LH:3
BRF:0
BRH:0
end_of_record
TN:
SF:src/store/billingStore.ts
FN:20,(anonymous_0)
FN:25,(anonymous_1)
FN:26,(anonymous_2)
FN:27,(anonymous_3)
FN:28,(anonymous_4)
FNF:5
FNH:5
FNDA:1,(anonymous_0)
FNDA:2,(anonymous_1)
FNDA:4,(anonymous_2)
FNDA:4,(anonymous_3)
FNDA:1,(anonymous_4)
DA:20,1
DA:25,2
DA:26,4
DA:27,4
DA:28,1
LF:5
LH:5
BRF:0
BRH:0
end_of_record
TN:
SF:src/store/campaignStore.ts
FN:41,(anonymous_0)
FN:46,(anonymous_1)
FN:47,(anonymous_2)
FN:49,(anonymous_3)
FN:51,(anonymous_4)
FN:53,(anonymous_5)
FNF:6
FNH:6
FNDA:1,(anonymous_0)
FNDA:6,(anonymous_1)
FNDA:6,(anonymous_2)
FNDA:1,(anonymous_3)
FNDA:2,(anonymous_4)
FNDA:4,(anonymous_5)
DA:15,1
DA:41,1
DA:47,6
DA:49,1
DA:51,2
DA:53,4
LF:6
LH:6
BRF:0
BRH:0
end_of_record
TN:
SF:src/store/index.ts
FNF:0
FNH:0
LF:0
LH:0
BRF:0
BRH:0
end_of_record
TN:
SF:src/styles/theme.ts
FNF:0
FNH:0
DA:7,2
LF:1
LH:1
BRF:0
BRH:0
end_of_record
TN:
SF:src/testUtils/test-utils.tsx
FN:6,renderWithRouter
FNF:1
FNH:1
FNDA:63,renderWithRouter
DA:7,63
LF:1
LH:1
BRDA:6,0,0,63
BRF:1
BRH:1
end_of_record
