TN:
SF:src/App.tsx
FN:5,(anonymous_0)
FN:6,(anonymous_1)
FN:7,(anonymous_2)
FN:8,(anonymous_3)
FN:10,App
FNF:5
FNH:3
FNDA:1,(anonymous_0)
FNDA:1,(anonymous_1)
FNDA:0,(anonymous_2)
FNDA:0,(anonymous_3)
FNDA:3,App
DA:5,1
DA:6,1
DA:7,1
DA:8,1
DA:11,3
LF:5
LH:5
BRF:0
BRH:0
end_of_record
TN:
SF:src/components/campaign/CampaignWizard.tsx
FN:19,isStepValid
FN:43,(anonymous_1)
FN:50,(anonymous_2)
FN:69,(anonymous_3)
FNF:4
FNH:4
FNDA:31,isStepValid
FNDA:31,(anonymous_1)
FNDA:9,(anonymous_2)
FNDA:155,(anonymous_3)
DA:17,1
DA:20,31
DA:21,31
DA:23,20
DA:24,20
DA:25,11
DA:26,6
DA:27,6
DA:29,5
DA:31,3
DA:33,2
DA:37,2
DA:38,1
DA:39,0
DA:43,1
DA:44,31
DA:45,31
DA:46,31
DA:47,31
DA:50,31
DA:51,9
DA:54,31
DA:55,0
DA:66,31
DA:70,155
LF:25
LH:23
BRDA:21,0,0,20
BRDA:21,0,1,5
BRDA:21,0,2,3
BRDA:21,0,3,2
BRDA:21,0,4,1
BRDA:21,0,5,0
BRDA:24,1,0,9
BRDA:24,1,1,11
BRDA:25,2,0,5
BRDA:25,2,1,6
BRDA:25,3,0,11
BRDA:25,3,1,6
BRDA:26,4,0,0
BRDA:26,4,1,6
BRDA:26,5,0,6
BRDA:26,5,1,0
BRDA:31,6,0,1
BRDA:31,6,1,2
BRDA:33,7,0,0
BRDA:33,7,1,2
BRDA:51,8,0,0
BRDA:51,8,1,9
BRDA:54,9,0,0
BRDA:54,9,1,31
BRDA:78,10,0,31
BRDA:78,10,1,20
BRDA:79,11,0,31
BRDA:79,11,1,5
BRDA:80,12,0,31
BRDA:80,12,1,3
BRDA:81,13,0,31
BRDA:81,13,1,2
BRDA:82,14,0,31
BRDA:82,14,1,1
BRDA:94,15,0,1
BRDA:94,15,1,30
BRF:36
BRH:30
end_of_record
TN:
SF:src/components/campaign/ItineraryFeedAdPreview.tsx
FN:47,(anonymous_0)
FNF:1
FNH:1
FNDA:12,(anonymous_0)
DA:44,3
DA:45,3
DA:47,3
DA:54,12
LF:4
LH:4
BRDA:51,0,0,12
BRDA:52,1,0,12
BRDA:93,2,0,1
BRDA:93,2,1,11
BRDA:162,3,0,12
BRDA:162,3,1,5
BRDA:166,4,0,7
BRDA:166,4,1,5
BRDA:208,5,0,12
BRDA:208,5,1,0
BRF:10
BRH:9
end_of_record
TN:
SF:src/components/campaign/StepBudget.tsx
FN:17,(anonymous_0)
FN:27,(anonymous_1)
FN:39,(anonymous_2)
FNF:3
FNH:2
FNDA:10,(anonymous_0)
FNDA:0,(anonymous_1)
FNDA:2,(anonymous_2)
DA:15,2
DA:17,2
DA:18,10
DA:19,10
DA:21,10
DA:27,0
DA:39,2
LF:7
LH:6
BRDA:19,0,0,10
BRDA:19,0,1,3
BRDA:41,1,0,1
BRDA:41,1,1,9
BRDA:46,2,0,9
BRDA:46,2,1,1
BRF:6
BRH:6
end_of_record
TN:
SF:src/components/campaign/StepCreative.tsx
FN:35,(anonymous_0)
FN:44,(anonymous_1)
FN:51,(anonymous_2)
FN:65,(anonymous_3)
FN:77,(anonymous_4)
FN:95,(anonymous_5)
FN:100,(anonymous_6)
FN:181,(anonymous_7)
FN:188,(anonymous_8)
FN:190,(anonymous_9)
FN:199,(anonymous_10)
FNF:11
FNH:6
FNDA:23,(anonymous_0)
FNDA:19,(anonymous_1)
FNDA:2,(anonymous_2)
FNDA:1,(anonymous_3)
FNDA:0,(anonymous_4)
FNDA:1,(anonymous_5)
FNDA:0,(anonymous_6)
FNDA:0,(anonymous_7)
FNDA:0,(anonymous_8)
FNDA:92,(anonymous_9)
FNDA:0,(anonymous_10)
DA:15,2
DA:17,2
DA:33,2
DA:35,2
DA:36,23
DA:37,23
DA:39,23
DA:40,23
DA:43,23
DA:44,23
DA:45,19
DA:46,17
DA:47,17
DA:49,2
DA:50,2
DA:51,2
DA:55,23
DA:59,23
DA:65,1
DA:77,0
DA:96,1
DA:97,1
DA:100,0
DA:181,0
DA:188,0
DA:191,92
DA:199,0
LF:27
LH:22
BRDA:39,0,0,3
BRDA:39,0,1,20
BRDA:40,1,0,23
BRDA:40,1,1,0
BRDA:45,2,0,17
BRDA:45,2,1,2
BRDA:55,3,0,3
BRDA:55,3,1,20
BRDA:56,4,0,0
BRDA:56,4,1,20
BRDA:68,5,0,3
BRDA:68,5,1,20
BRDA:84,6,0,23
BRDA:84,6,1,23
BRDA:92,7,0,1
BRDA:92,7,1,22
BRDA:96,8,0,1
BRDA:96,8,1,0
BRDA:101,9,0,4
BRDA:101,9,1,19
BRDA:103,10,0,23
BRDA:103,10,1,4
BRDA:111,11,0,3
BRDA:111,11,1,20
BRDA:115,12,0,3
BRDA:115,12,1,3
BRDA:119,13,0,2
BRDA:119,13,1,18
BRDA:119,14,0,20
BRDA:119,14,1,2
BRDA:124,15,0,2
BRDA:124,15,1,0
BRDA:156,16,0,18
BRDA:156,16,1,0
BRDA:156,17,0,18
BRDA:156,17,1,18
BRDA:160,18,0,18
BRDA:160,18,1,0
BRF:38
BRH:32
end_of_record
TN:
SF:src/components/campaign/StepDetails.tsx
FN:59,(anonymous_0)
FN:65,(anonymous_1)
FN:67,(anonymous_2)
FN:71,(anonymous_3)
FN:87,(anonymous_4)
FN:110,(anonymous_5)
FN:118,(anonymous_6)
FN:121,(anonymous_7)
FN:134,(anonymous_8)
FN:179,(anonymous_9)
FN:192,(anonymous_10)
FN:193,(anonymous_11)
FN:195,(anonymous_12)
FN:209,(anonymous_13)
FN:220,(anonymous_14)
FNF:15
FNH:13
FNDA:33,(anonymous_0)
FNDA:1,(anonymous_1)
FNDA:2,(anonymous_2)
FNDA:7,(anonymous_3)
FNDA:2,(anonymous_4)
FNDA:6,(anonymous_5)
FNDA:0,(anonymous_6)
FNDA:99,(anonymous_7)
FNDA:0,(anonymous_8)
FNDA:99,(anonymous_9)
FNDA:1,(anonymous_10)
FNDA:33,(anonymous_11)
FNDA:66,(anonymous_12)
FNDA:7,(anonymous_13)
FNDA:2,(anonymous_14)
DA:20,2
DA:26,2
DA:54,2
DA:59,2
DA:61,33
DA:62,33
DA:63,33
DA:65,33
DA:66,1
DA:67,2
DA:68,1
DA:71,33
DA:73,7
DA:74,1
DA:75,1
DA:76,1
DA:78,6
DA:79,6
DA:81,6
DA:82,0
DA:83,0
DA:87,33
DA:88,2
DA:89,2
DA:90,1
DA:93,1
DA:94,1
DA:95,1
DA:97,1
DA:98,1
DA:101,33
DA:103,33
DA:110,6
DA:118,0
DA:122,99
DA:134,0
DA:180,99
DA:192,1
DA:193,33
DA:196,66
DA:209,7
DA:220,2
LF:42
LH:38
BRDA:68,0,0,1
BRDA:68,0,1,0
BRDA:73,1,0,1
BRDA:73,1,1,6
BRDA:73,2,0,7
BRDA:73,2,1,7
BRDA:81,3,0,0
BRDA:81,3,1,6
BRDA:81,4,0,6
BRDA:81,4,1,0
BRDA:88,5,0,2
BRDA:88,5,1,0
BRDA:89,6,0,1
BRDA:89,6,1,1
BRDA:89,7,0,2
BRDA:89,7,1,2
BRDA:90,8,0,1
BRDA:90,8,1,0
BRDA:90,9,0,1
BRDA:90,9,1,1
BRDA:126,10,0,33
BRDA:126,10,1,66
BRDA:211,11,0,33
BRDA:211,11,1,32
BRDA:218,12,0,9
BRDA:218,12,1,24
BRDA:222,13,0,33
BRDA:222,13,1,32
BRF:28
BRH:23
end_of_record
TN:
SF:src/components/campaign/StepReview.tsx
FN:20,(anonymous_0)
FN:33,(anonymous_1)
FN:80,(anonymous_2)
FNF:3
FNH:3
FNDA:323,(anonymous_0)
FNDA:17,(anonymous_1)
FNDA:1,(anonymous_2)
DA:20,2
DA:21,323
DA:27,2
DA:33,2
DA:34,17
DA:80,1
LF:6
LH:6
BRDA:23,0,0,323
BRDA:23,0,1,21
BRDA:43,1,0,15
BRDA:43,1,1,2
BRDA:61,2,0,16
BRDA:61,2,1,1
BRDA:62,3,0,16
BRDA:62,3,1,1
BRDA:70,4,0,17
BRDA:70,4,1,0
BRDA:71,5,0,17
BRDA:71,5,1,0
BRF:12
BRH:10
end_of_record
TN:
SF:src/components/campaign/StepTargeting.tsx
FN:20,(anonymous_0)
FN:29,(anonymous_1)
FN:47,(anonymous_2)
FN:65,(anonymous_3)
FN:75,(anonymous_4)
FN:84,(anonymous_5)
FN:106,(anonymous_6)
FN:115,(anonymous_7)
FN:135,(anonymous_8)
FN:137,(anonymous_9)
FN:146,(anonymous_10)
FN:148,(anonymous_11)
FN:156,(anonymous_12)
FNF:13
FNH:7
FNDA:15,(anonymous_0)
FNDA:2,(anonymous_1)
FNDA:0,(anonymous_2)
FNDA:0,(anonymous_3)
FNDA:0,(anonymous_4)
FNDA:1,(anonymous_5)
FNDA:2,(anonymous_6)
FNDA:0,(anonymous_7)
FNDA:0,(anonymous_8)
FNDA:75,(anonymous_9)
FNDA:0,(anonymous_10)
FNDA:75,(anonymous_11)
FNDA:1,(anonymous_12)
DA:17,2
DA:18,2
DA:20,2
DA:21,15
DA:23,15
DA:29,2
DA:48,0
DA:49,0
DA:65,0
DA:75,0
DA:84,1
DA:106,2
DA:115,0
DA:135,0
DA:137,75
DA:146,0
DA:148,75
DA:156,1
LF:18
LH:11
BRDA:33,0,0,15
BRDA:33,0,1,5
BRDA:52,1,0,0
BRDA:52,1,1,5
BRDA:98,2,0,15
BRDA:98,2,1,10
BRF:6
BRH:5
end_of_record
TN:
SF:src/components/common/DestinationAutocomplete.tsx
FN:55,ensureLoaded
FN:70,(anonymous_1)
FN:87,(anonymous_2)
FN:92,(anonymous_3)
FN:96,(anonymous_4)
FN:100,(anonymous_5)
FN:105,(anonymous_6)
FN:112,(anonymous_7)
FN:116,(anonymous_8)
FN:123,(anonymous_9)
FN:137,(anonymous_10)
FN:138,(anonymous_11)
FN:151,(anonymous_12)
FN:186,(anonymous_13)
FN:187,(anonymous_14)
FN:190,(anonymous_15)
FN:198,(anonymous_16)
FN:206,(anonymous_17)
FNF:18
FNH:7
FNDA:12,ensureLoaded
FNDA:14,(anonymous_1)
FNDA:12,(anonymous_2)
FNDA:12,(anonymous_3)
FNDA:0,(anonymous_4)
FNDA:0,(anonymous_5)
FNDA:0,(anonymous_6)
FNDA:0,(anonymous_7)
FNDA:0,(anonymous_8)
FNDA:0,(anonymous_9)
FNDA:12,(anonymous_10)
FNDA:12,(anonymous_11)
FNDA:1,(anonymous_12)
FNDA:0,(anonymous_13)
FNDA:0,(anonymous_14)
FNDA:0,(anonymous_15)
FNDA:0,(anonymous_16)
FNDA:0,(anonymous_17)
DA:52,3
DA:53,3
DA:56,12
DA:57,12
DA:59,0
DA:60,0
DA:62,0
DA:63,0
DA:65,0
DA:70,3
DA:78,14
DA:79,14
DA:80,14
DA:81,14
DA:83,14
DA:84,14
DA:87,14
DA:88,12
DA:92,14
DA:93,12
DA:94,12
DA:95,0
DA:97,0
DA:98,0
DA:101,0
DA:105,14
DA:106,0
DA:107,0
DA:108,0
DA:111,0
DA:112,0
DA:113,0
DA:114,0
DA:117,0
DA:118,0
DA:122,0
DA:123,0
DA:129,0
DA:137,14
DA:138,12
DA:139,12
DA:144,14
DA:145,14
DA:152,1
DA:153,1
DA:165,0
DA:166,0
DA:182,0
DA:186,0
DA:187,0
DA:191,0
DA:192,0
DA:193,0
DA:195,0
DA:199,0
DA:201,0
DA:202,0
DA:203,0
DA:207,0
LF:59
LH:24
BRDA:57,0,0,12
BRDA:57,0,1,0
BRDA:59,1,0,0
BRDA:59,1,1,0
BRDA:62,2,0,0
BRDA:62,2,1,0
BRDA:73,3,0,14
BRDA:74,4,0,14
BRDA:76,5,0,14
BRDA:94,6,0,12
BRDA:94,6,1,0
BRDA:106,7,0,0
BRDA:106,7,1,0
BRDA:106,8,0,0
BRDA:106,8,1,0
BRDA:111,9,0,0
BRDA:111,9,1,0
BRDA:118,10,0,0
BRDA:118,10,1,0
BRDA:119,11,0,0
BRDA:119,11,1,0
BRDA:139,12,0,0
BRDA:139,12,1,12
BRDA:144,13,0,14
BRDA:144,13,1,0
BRDA:156,14,0,14
BRDA:156,14,1,8
BRDA:165,15,0,0
BRDA:165,15,1,0
BRDA:186,16,0,0
BRDA:186,16,1,0
BRDA:192,17,0,0
BRDA:192,17,1,0
BRDA:199,18,0,0
BRDA:199,18,1,0
BRDA:199,19,0,0
BRDA:199,19,1,0
BRDA:217,20,0,0
BRDA:217,20,1,0
BRF:39
BRH:9
end_of_record
TN:
SF:src/components/common/ErrorBoundary.tsx
FN:57,(anonymous_0)
FN:66,(anonymous_1)
FN:74,(anonymous_2)
FN:79,(anonymous_3)
FN:83,(anonymous_4)
FNF:5
FNH:5
FNDA:24,(anonymous_0)
FNDA:23,(anonymous_1)
FNDA:11,(anonymous_2)
FNDA:2,(anonymous_3)
FNDA:47,(anonymous_4)
DA:58,24
DA:59,24
DA:67,22
DA:75,11
DA:76,11
DA:79,2
DA:80,2
DA:84,47
DA:85,47
DA:87,47
DA:90,22
DA:91,16
DA:93,14
LF:13
LH:13
BRDA:87,0,0,25
BRDA:87,0,1,22
BRDA:90,1,0,6
BRDA:90,1,1,16
BRDA:91,2,0,2
BRDA:91,2,1,14
BRDA:121,3,0,14
BRDA:121,3,1,0
BRF:8
BRH:7
end_of_record
TN:
SF:src/components/common/Modal.tsx
FN:15,(anonymous_0)
FNF:1
FNH:1
FNDA:54,(anonymous_0)
DA:15,6
DA:16,54
LF:2
LH:2
BRF:0
BRH:0
end_of_record
TN:
SF:src/components/common/Nav.tsx
FN:9,(anonymous_0)
FNF:1
FNH:1
FNDA:30,(anonymous_0)
DA:9,5
DA:10,30
LF:2
LH:2
BRF:0
BRH:0
end_of_record
TN:
SF:src/components/common/ResponsiveImage.tsx
FN:14,(anonymous_0)
FN:17,(anonymous_1)
FNF:2
FNH:2
FNDA:6,(anonymous_0)
FNDA:3,(anonymous_1)
DA:14,1
DA:15,6
DA:18,3
LF:3
LH:3
BRDA:14,0,0,6
BRDA:14,1,0,6
BRF:2
BRH:2
end_of_record
TN:
SF:src/components/landing/Carousel.tsx
FN:14,(anonymous_0)
FN:18,(anonymous_1)
FN:28,(anonymous_2)
FN:30,(anonymous_3)
FN:30,(anonymous_4)
FN:31,(anonymous_5)
FN:39,(anonymous_6)
FN:56,(anonymous_7)
FNF:8
FNH:8
FNDA:28,(anonymous_0)
FNDA:3,(anonymous_1)
FNDA:23,(anonymous_2)
FNDA:1,(anonymous_3)
FNDA:1,(anonymous_4)
FNDA:21,(anonymous_5)
FNDA:113,(anonymous_6)
FNDA:3,(anonymous_7)
DA:14,4
DA:15,28
DA:18,28
DA:19,3
DA:25,3
DA:28,28
DA:29,23
DA:30,21
DA:31,21
DA:34,28
DA:36,27
DA:40,113
DA:57,3
DA:58,3
DA:59,3
DA:61,3
LF:16
LH:16
BRDA:14,0,0,28
BRDA:29,1,0,2
BRDA:29,1,1,21
BRDA:34,2,0,1
BRDA:34,2,1,27
BRDA:42,3,0,27
BRDA:42,3,1,86
BRDA:54,4,0,27
BRDA:54,4,1,86
BRDA:55,5,0,27
BRDA:55,5,1,86
BRDA:59,6,0,2
BRDA:59,6,1,1
BRDA:70,7,0,27
BRDA:70,7,1,0
BRF:15
BRH:14
end_of_record
TN:
SF:src/components/landing/HeadlineList.tsx
FN:9,(anonymous_0)
FN:13,(anonymous_1)
FNF:2
FNH:2
FNDA:5,(anonymous_0)
FNDA:6,(anonymous_1)
DA:9,1
DA:10,5
DA:14,6
LF:3
LH:3
BRDA:9,0,0,5
BRF:1
BRH:1
end_of_record
TN:
SF:src/components/landing/Hero.tsx
FN:13,(anonymous_0)
FNF:1
FNH:1
FNDA:17,(anonymous_0)
DA:13,3
DA:16,17
LF:2
LH:2
BRDA:14,0,0,17
BRF:1
BRH:1
end_of_record
TN:
SF:src/components/landing/LandingQuestions.tsx
FN:10,(anonymous_0)
FN:18,(anonymous_1)
FN:22,(anonymous_2)
FN:29,(anonymous_3)
FN:35,(anonymous_4)
FNF:5
FNH:5
FNDA:2,(anonymous_0)
FNDA:18,(anonymous_1)
FNDA:18,(anonymous_2)
FNDA:18,(anonymous_3)
FNDA:18,(anonymous_4)
DA:10,2
DA:11,2
DA:13,2
DA:18,18
DA:22,18
DA:29,18
DA:35,18
LF:7
LH:7
BRF:0
BRH:0
end_of_record
TN:
SF:src/components/landing/RotatingHeadline.tsx
FN:11,(anonymous_0)
FN:15,(anonymous_1)
FN:20,(anonymous_2)
FN:22,(anonymous_3)
FN:22,(anonymous_4)
FN:23,(anonymous_5)
FNF:6
FNH:6
FNDA:31,(anonymous_0)
FNDA:31,(anonymous_1)
FNDA:23,(anonymous_2)
FNDA:4,(anonymous_3)
FNDA:4,(anonymous_4)
FNDA:17,(anonymous_5)
DA:11,4
DA:12,31
DA:14,31
DA:15,31
DA:16,31
DA:17,29
DA:20,31
DA:21,23
DA:22,17
DA:23,17
DA:26,31
LF:11
LH:11
BRDA:11,0,0,31
BRDA:11,1,0,31
BRDA:16,2,0,2
BRDA:16,2,1,29
BRDA:16,3,0,31
BRDA:16,3,1,3
BRDA:21,4,0,6
BRDA:21,4,1,17
BRF:8
BRH:8
end_of_record
TN:
SF:src/components/landing/products/Products.tsx
FN:6,(anonymous_0)
FN:9,(anonymous_1)
FN:20,(anonymous_2)
FN:23,(anonymous_3)
FN:43,(anonymous_4)
FN:55,(anonymous_5)
FN:67,(anonymous_6)
FN:71,(anonymous_7)
FNF:8
FNH:7
FNDA:16,(anonymous_0)
FNDA:1,(anonymous_1)
FNDA:0,(anonymous_2)
FNDA:1,(anonymous_3)
FNDA:1,(anonymous_4)
FNDA:2,(anonymous_5)
FNDA:1,(anonymous_6)
FNDA:1,(anonymous_7)
DA:6,3
DA:7,16
DA:9,16
DA:10,1
DA:14,1
DA:16,1
DA:17,0
DA:18,0
DA:20,0
DA:23,1
DA:27,16
DA:43,1
DA:55,2
DA:67,1
DA:71,1
LF:15
LH:12
BRDA:10,0,0,1
BRDA:10,0,1,0
BRDA:10,1,0,1
BRDA:10,1,1,1
BRDA:16,2,0,0
BRDA:16,2,1,1
BRDA:16,3,0,1
BRDA:16,3,1,1
BRDA:72,4,0,16
BRDA:72,4,1,1
BRDA:78,5,0,16
BRDA:78,5,1,2
BRDA:84,6,0,16
BRDA:84,6,1,1
BRF:14
BRH:12
end_of_record
TN:
SF:src/config/pricingConstants.ts
FNF:0
FNH:0
DA:19,2
LF:1
LH:1
BRF:0
BRH:0
end_of_record
TN:
SF:src/context/AppAlertContext.tsx
FN:31,AppAlertProvider
FN:34,(anonymous_1)
FN:38,(anonymous_2)
FN:39,(anonymous_3)
FN:40,(anonymous_4)
FN:41,(anonymous_5)
FN:43,(anonymous_6)
FN:51,(anonymous_7)
FN:93,useAppAlert
FNF:9
FNH:9
FNDA:26,AppAlertProvider
FNDA:8,(anonymous_1)
FNDA:4,(anonymous_2)
FNDA:2,(anonymous_3)
FNDA:1,(anonymous_4)
FNDA:1,(anonymous_5)
FNDA:1,(anonymous_6)
FNDA:2,(anonymous_7)
FNDA:51,useAppAlert
DA:24,2
DA:27,2
DA:32,26
DA:34,26
DA:35,8
DA:38,26
DA:39,26
DA:40,26
DA:41,26
DA:43,26
DA:50,26
DA:52,2
DA:53,0
DA:58,26
DA:94,51
DA:95,51
DA:96,2
DA:98,48
LF:18
LH:17
BRDA:52,0,0,2
BRDA:52,0,1,0
BRDA:68,1,0,8
BRDA:68,1,1,18
BRDA:95,2,0,2
BRDA:95,2,1,49
BRF:6
BRH:5
end_of_record
TN:
SF:src/hooks/useCreateCampaign.ts
FN:10,useCreateCampaign
FN:16,(anonymous_1)
FN:17,(anonymous_2)
FN:20,(anonymous_3)
FN:20,(anonymous_4)
FN:21,(anonymous_5)
FN:21,(anonymous_6)
FN:22,(anonymous_7)
FN:24,(anonymous_8)
FN:48,(anonymous_9)
FNF:10
FNH:10
FNDA:58,useCreateCampaign
FNDA:18,(anonymous_1)
FNDA:18,(anonymous_2)
FNDA:20,(anonymous_3)
FNDA:20,(anonymous_4)
FNDA:3,(anonymous_5)
FNDA:3,(anonymous_6)
FNDA:1,(anonymous_7)
FNDA:2,(anonymous_8)
FNDA:1,(anonymous_9)
DA:4,2
DA:11,58
DA:12,58
DA:13,58
DA:14,58
DA:16,58
DA:17,18
DA:20,58
DA:21,58
DA:22,58
DA:24,58
DA:25,2
DA:26,2
DA:40,2
DA:43,0
DA:44,0
DA:48,58
DA:49,1
DA:50,1
DA:51,1
DA:52,1
DA:55,58
LF:22
LH:20
BRDA:43,0,0,0
BRDA:43,0,1,0
BRF:2
BRH:0
end_of_record
TN:
SF:src/pages/CreateCampaignPage.tsx
FN:9,(anonymous_0)
FNF:1
FNH:0
FNDA:0,(anonymous_0)
DA:9,0
DA:10,0
LF:2
LH:0
BRF:0
BRH:0
end_of_record
TN:
SF:src/pages/Landing.tsx
FN:7,(anonymous_0)
FN:9,(anonymous_1)
FN:143,(anonymous_2)
FN:148,(anonymous_3)
FN:156,(anonymous_4)
FNF:5
FNH:5
FNDA:3,(anonymous_0)
FNDA:17,(anonymous_1)
FNDA:34,(anonymous_2)
FNDA:4,(anonymous_3)
FNDA:51,(anonymous_4)
DA:7,3
DA:9,3
DA:10,17
DA:12,17
DA:144,34
DA:148,4
DA:157,51
LF:7
LH:7
BRDA:144,0,0,3
BRDA:144,0,1,31
BRDA:148,1,0,1
BRDA:148,1,1,3
BRDA:151,2,0,3
BRDA:151,2,1,31
BRDA:154,3,0,17
BRDA:154,3,1,17
BRF:8
BRH:8
end_of_record
TN:
SF:src/pages/PricingPage.tsx
FN:17,(anonymous_0)
FN:33,(anonymous_1)
FN:42,(anonymous_2)
FNF:3
FNH:3
FNDA:9,(anonymous_0)
FNDA:27,(anonymous_1)
FNDA:36,(anonymous_2)
DA:17,2
DA:18,9
DA:34,27
DA:43,36
LF:4
LH:4
BRDA:42,0,0,27
BRDA:42,0,1,27
BRDA:45,1,0,18
BRDA:45,1,1,18
BRDA:45,2,0,9
BRDA:45,2,1,9
BRF:6
BRH:6
end_of_record
TN:
SF:src/pages/ProductsPage.tsx
FN:6,(anonymous_0)
FNF:1
FNH:1
FNDA:4,(anonymous_0)
DA:6,2
DA:7,4
LF:2
LH:2
BRF:0
BRH:0
end_of_record
TN:
SF:src/pages/SignInPage.tsx
FN:4,(anonymous_0)
FNF:1
FNH:0
FNDA:0,(anonymous_0)
DA:4,0
DA:5,0
LF:2
LH:0
BRF:0
BRH:0
end_of_record
TN:
SF:src/store/authStore.ts
FN:21,(anonymous_0)
FN:25,(anonymous_1)
FN:26,(anonymous_2)
FNF:3
FNH:3
FNDA:1,(anonymous_0)
FNDA:4,(anonymous_1)
FNDA:1,(anonymous_2)
DA:21,1
DA:25,4
DA:26,1
LF:3
LH:3
BRF:0
BRH:0
end_of_record
TN:
SF:src/store/billingStore.ts
FN:20,(anonymous_0)
FN:25,(anonymous_1)
FN:26,(anonymous_2)
FN:27,(anonymous_3)
FN:28,(anonymous_4)
FNF:5
FNH:5
FNDA:1,(anonymous_0)
FNDA:2,(anonymous_1)
FNDA:4,(anonymous_2)
FNDA:4,(anonymous_3)
FNDA:1,(anonymous_4)
DA:20,1
DA:25,2
DA:26,4
DA:27,4
DA:28,1
LF:5
LH:5
BRF:0
BRH:0
end_of_record
TN:
SF:src/store/campaignStore.ts
FN:23,(anonymous_0)
FN:28,(anonymous_1)
FN:29,(anonymous_2)
FN:31,(anonymous_3)
FN:33,(anonymous_4)
FN:35,(anonymous_5)
FNF:6
FNH:6
FNDA:1,(anonymous_0)
FNDA:7,(anonymous_1)
FNDA:7,(anonymous_2)
FNDA:1,(anonymous_3)
FNDA:2,(anonymous_4)
FNDA:4,(anonymous_5)
DA:23,1
DA:29,7
DA:31,1
DA:33,2
DA:35,4
LF:5
LH:5
BRF:0
BRH:0
end_of_record
TN:
SF:src/store/index.ts
FNF:0
FNH:0
LF:0
LH:0
BRF:0
BRH:0
end_of_record
TN:
SF:src/styles/theme.ts
FNF:0
FNH:0
DA:7,23
LF:1
LH:1
BRF:0
BRH:0
end_of_record
TN:
SF:src/testUtils/test-utils.tsx
FN:9,renderWithRouter
FNF:1
FNH:1
FNDA:150,renderWithRouter
DA:10,150
LF:1
LH:1
BRDA:9,0,0,150
BRF:1
BRH:1
end_of_record
TN:
SF:src/types/campaign.ts
FNF:0
FNH:0
DA:46,8
LF:1
LH:1
BRF:0
BRH:0
end_of_record
TN:
SF:src/utils/dateUtils.ts
FN:31,formatDateLocal
FN:42,todayLocalDate
FN:57,parseLocalDate
FN:101,displayDate
FNF:4
FNH:4
FNDA:45,formatDateLocal
FNDA:35,todayLocalDate
FNDA:44,parseLocalDate
FNDA:40,displayDate
DA:32,45
DA:33,45
DA:34,45
DA:35,45
DA:43,35
DA:58,44
DA:59,1
DA:63,43
DA:65,44
DA:66,44
DA:68,42
DA:69,42
DA:70,42
DA:72,42
DA:73,42
DA:76,41
DA:79,41
DA:84,1
DA:87,40
DA:102,40
DA:105,37
DA:111,1
DA:112,1
DA:113,1
DA:117,36
DA:122,1
DA:123,1
DA:126,35
DA:129,34
DA:131,40
DA:132,40
DA:134,34
LF:32
LH:32
BRDA:58,0,0,1
BRDA:58,0,1,43
BRDA:58,1,0,44
BRDA:58,1,1,43
BRDA:63,2,0,1
BRDA:63,2,1,42
BRDA:66,3,0,1
BRDA:66,3,1,43
BRDA:72,4,0,0
BRDA:72,4,1,42
BRDA:72,5,0,42
BRDA:72,5,1,42
BRDA:72,5,2,42
BRDA:73,6,0,1
BRDA:73,6,1,41
BRDA:73,7,0,42
BRDA:73,7,1,42
BRDA:73,7,2,41
BRDA:73,7,3,41
BRDA:79,8,0,1
BRDA:79,8,1,40
BRDA:80,9,0,41
BRDA:80,9,1,41
BRDA:80,9,2,40
BRDA:102,10,0,3
BRDA:102,10,1,37
BRDA:105,11,0,1
BRDA:105,11,1,36
BRDA:106,12,0,37
BRDA:106,12,1,2
BRDA:106,12,2,2
BRDA:106,12,3,1
BRDA:117,13,0,1
BRDA:117,13,1,35
BRDA:118,14,0,36
BRDA:118,14,1,1
BRDA:118,14,2,1
BRDA:126,15,0,1
BRDA:126,15,1,34
BRDA:129,16,0,1
BRDA:129,16,1,33
BRDA:132,17,0,0
BRDA:132,17,1,40
BRF:43
BRH:41
end_of_record
TN:
SF:src/utils/locationUtils.ts
FN:35,normalizeDestination
FN:79,destinationsMatch
FNF:2
FNH:2
FNDA:32,normalizeDestination
FNDA:11,destinationsMatch
DA:36,32
DA:38,29
DA:41,29
DA:42,29
DA:45,11
DA:46,11
DA:47,11
DA:48,6
DA:50,11
DA:54,29
DA:57,29
DA:59,29
DA:85,11
DA:86,11
DA:88,11
DA:89,11
DA:92,11
DA:95,9
DA:96,7
DA:98,1
DA:100,6
DA:103,2
LF:22
LH:22
BRDA:36,0,0,3
BRDA:36,0,1,29
BRDA:42,1,0,11
BRDA:42,1,1,18
BRDA:47,2,0,6
BRDA:47,2,1,5
BRDA:88,3,0,11
BRDA:88,3,1,4
BRDA:89,4,0,11
BRDA:89,4,1,3
BRDA:92,5,0,2
BRDA:92,5,1,9
BRDA:95,6,0,7
BRDA:95,6,1,2
BRDA:95,7,0,9
BRDA:95,7,1,8
BRDA:96,8,0,1
BRDA:96,8,1,6
BRDA:96,9,0,7
BRDA:96,9,1,1
BRF:20
BRH:20
end_of_record
